{
  "stats": {
    "suites": 1,
    "tests": 10,
    "passes": 9,
    "pending": 0,
    "failures": 1,
    "start": "2023-03-28T17:29:57.176Z",
    "end": "2023-03-28T17:30:27.376Z",
    "duration": 30200,
    "testsRegistered": 10,
    "passPercent": 90,
    "pendingPercent": 0,
    "other": 0,
    "hasOther": false,
    "skipped": 0,
    "hasSkipped": false
  },
  "results": [
    {
      "uuid": "6c914073-f1a7-408d-90d7-904bb4295a53",
      "title": "",
      "fullFile": "D:\\QA\\reposOnGitHub\\EtsySeleniumTestsAndAPI\\test\\etsy.test.js",
      "file": "\\test\\etsy.test.js",
      "beforeHooks": [],
      "afterHooks": [],
      "tests": [],
      "suites": [
        {
          "uuid": "b38d83b1-0bf2-483d-b69d-92b39187f979",
          "title": "Etsy selenium tests",
          "fullFile": "D:\\QA\\reposOnGitHub\\EtsySeleniumTestsAndAPI\\test\\etsy.test.js",
          "file": "\\test\\etsy.test.js",
          "beforeHooks": [
            {
              "title": "\"before all\" hook in \"Etsy selenium tests\"",
              "fullTitle": "Etsy selenium tests \"before all\" hook in \"Etsy selenium tests\"",
              "timedOut": false,
              "duration": 710,
              "state": null,
              "speed": null,
              "pass": false,
              "fail": false,
              "pending": false,
              "context": null,
              "code": "driver = await new Builder().forBrowser(browsers.chrome).build();\nawait driver.manage().window().maximize();\npageRegister = new RegisterPage(driver);\npageBase = new BasePage(driver);\npageHome = new HomePage(driver);\npageSearhcResult = new SearchResultPage(driver);\npageFilters = new FiltersPage(driver); \npageItemCustomization = new ItemCustomizationPage(driver);\npageCart = new CartPage(driver);",
              "err": {},
              "uuid": "cffef48a-8738-47d1-97f7-bc2fab7bd2a3",
              "parentUUID": "b38d83b1-0bf2-483d-b69d-92b39187f979",
              "isHook": true,
              "skipped": false
            }
          ],
          "afterHooks": [
            {
              "title": "\"after all\" hook in \"Etsy selenium tests\"",
              "fullTitle": "Etsy selenium tests \"after all\" hook in \"Etsy selenium tests\"",
              "timedOut": false,
              "duration": 105,
              "state": null,
              "speed": null,
              "pass": false,
              "fail": false,
              "pending": false,
              "context": null,
              "code": "await driver.quit();",
              "err": {},
              "uuid": "d5443661-1101-4474-a07b-3101aefb3788",
              "parentUUID": "b38d83b1-0bf2-483d-b69d-92b39187f979",
              "isHook": true,
              "skipped": false
            }
          ],
          "tests": [
            {
              "title": "Verifies that registration page is opened",
              "fullTitle": "Etsy selenium tests Verifies that registration page is opened",
              "timedOut": false,
              "duration": 2625,
              "state": "passed",
              "speed": "slow",
              "pass": true,
              "fail": false,
              "pending": false,
              "context": null,
              "code": "await pageRegister.goToPage(\"https://www.etsy.com/join\");\nconst registerUrl = await pageRegister.getCurrentUrl();\nexpect(await registerUrl).to.eql(\"https://www.etsy.com/join\");",
              "err": {},
              "uuid": "9a09f530-8116-43f2-a831-5b13ff74e968",
              "parentUUID": "b38d83b1-0bf2-483d-b69d-92b39187f979",
              "isHook": false,
              "skipped": false
            },
            {
              "title": "Fillout register form",
              "fullTitle": "Etsy selenium tests Fillout register form",
              "timedOut": false,
              "duration": 7370,
              "state": "passed",
              "speed": "slow",
              "pass": true,
              "fail": false,
              "pending": false,
              "context": null,
              "code": "await pageRegister.waitForEmailField();\nawait pageRegister.FilloutEmailField();\nawait pageRegister.waitForFirstnameField();\nawait pageRegister.FilloutFirstnameField();\nawait pageRegister.waitForPasswordField();\nawait pageRegister.FilloutPasswordField();\nawait pageRegister.waitForRegisterButton();\nawait pageRegister.clickOnRegisterButton();\nawait pageHome.waitForWelcomeHeader();\nconst welcomeTitle = await pageHome.getWelcomeHeader();\nexpect(await welcomeTitle.getText()).to.contain(\"Welcome to Etsy,\");\nconst homepageUrl = await pageHome.getCurrentUrl();\nexpect(await homepageUrl).to.eql(\"https://www.etsy.com/\");\nawait pageBase.refreshPage();",
              "err": {},
              "uuid": "32bdb1f1-8ac6-4216-9b68-638eb2e18ee4",
              "parentUUID": "b38d83b1-0bf2-483d-b69d-92b39187f979",
              "isHook": false,
              "skipped": false
            },
            {
              "title": "Search for an item in the search bar field",
              "fullTitle": "Etsy selenium tests Search for an item in the search bar field",
              "timedOut": false,
              "duration": 2896,
              "state": "passed",
              "speed": "slow",
              "pass": true,
              "fail": false,
              "pending": false,
              "context": null,
              "code": "await pageHome.waitForSerchBarField();\n\nconst searchField = await pageHome.getSearchBarField();\nawait searchField.sendKeys(\"pen\", Key.ENTER);",
              "err": {},
              "uuid": "227ec65f-654c-43ad-98e9-c5e78fc599c8",
              "parentUUID": "b38d83b1-0bf2-483d-b69d-92b39187f979",
              "isHook": false,
              "skipped": false
            },
            {
              "title": "Verifies that right seach page is opened",
              "fullTitle": "Etsy selenium tests Verifies that right seach page is opened",
              "timedOut": false,
              "duration": 29,
              "state": "passed",
              "speed": "fast",
              "pass": true,
              "fail": false,
              "pending": false,
              "context": null,
              "code": "const searchResultUrl = await pageSearhcResult.getCurrentUrl();\nexpect(await searchResultUrl).to.eql(\"https://www.etsy.com/search?q=pen&ref=search_bar\");",
              "err": {},
              "uuid": "67f8538d-6661-46c1-b7db-7f08f724390d",
              "parentUUID": "b38d83b1-0bf2-483d-b69d-92b39187f979",
              "isHook": false,
              "skipped": false
            },
            {
              "title": "Clicks on filtering button",
              "fullTitle": "Etsy selenium tests Clicks on filtering button",
              "timedOut": false,
              "duration": 142,
              "state": "passed",
              "speed": "slow",
              "pass": true,
              "fail": false,
              "pending": false,
              "context": null,
              "code": "await pageSearhcResult.waitForFilterButton();\nawait pageSearhcResult.ClickOnFilterButton();",
              "err": {},
              "uuid": "aed17043-295c-4238-bede-de059dd83230",
              "parentUUID": "b38d83b1-0bf2-483d-b69d-92b39187f979",
              "isHook": false,
              "skipped": false
            },
            {
              "title": "Filtering options - FREE shipping, Serbia",
              "fullTitle": "Etsy selenium tests Filtering options - FREE shipping, Serbia",
              "timedOut": false,
              "duration": 433,
              "state": "passed",
              "speed": "slow",
              "pass": true,
              "fail": false,
              "pending": false,
              "context": null,
              "code": "await pageFilters.waitForFreeShippingInput();\nawait pageFilters.ClickOnFreeShippingInput();\n\nawait pageFilters.waitForShopLocationInput();\nawait pageFilters.ClickOnShopLocationInput();\n\nawait pageFilters.waitForApplyButton();\nawait pageFilters.clicksOnApplyButton();\nconst FilterUrlResult = await pageFilters.getCurrentUrl();\nexpect(await FilterUrlResult).to.eql('https://www.etsy.com/search?q=pen&explicit=1&free_shipping=true&locationQuery=6290252&ship_to=RS');",
              "err": {},
              "uuid": "426ae855-f450-4b16-b8ac-6fbc946f54a0",
              "parentUUID": "b38d83b1-0bf2-483d-b69d-92b39187f979",
              "isHook": false,
              "skipped": false
            },
            {
              "title": "Clicks on specific pen on the page",
              "fullTitle": "Etsy selenium tests Clicks on specific pen on the page",
              "timedOut": false,
              "duration": 4141,
              "state": "passed",
              "speed": "slow",
              "pass": true,
              "fail": false,
              "pending": false,
              "context": null,
              "code": "await driver.sleep(1200);\nawait pageSearhcResult.waitForSpecificPen();\nawait pageSearhcResult.clicksOnSpecificPen();\n(await driver.getAllWindowHandles()).forEach(tab => driver.switchTo().window(tab));\nconst penTitleDiv = await pageItemCustomization.getPenTitleDiv();\nexpect(await penTitleDiv.getText()).to.contain('NOS Vintage Rotring Variant');",
              "err": {},
              "uuid": "5be88c00-e214-4362-a04c-9a6d3f1277a7",
              "parentUUID": "b38d83b1-0bf2-483d-b69d-92b39187f979",
              "isHook": false,
              "skipped": false
            },
            {
              "title": "Choosing tip of a pen and adding to cart",
              "fullTitle": "Etsy selenium tests Choosing tip of a pen and adding to cart",
              "timedOut": false,
              "duration": 2465,
              "state": "passed",
              "speed": "slow",
              "pass": true,
              "fail": false,
              "pending": false,
              "context": null,
              "code": "const tip = '1.2 mm';\n \nawait pageItemCustomization.waitForTipSelect();\nconst select = await pageItemCustomization.getTipSelect();\n\nawait pageItemCustomization.waitForOptions();\nconst options = await pageItemCustomization.getOptions(select);\nawait Promise.all(options.map(async(option) => {\nconst text = await option.getText();\nif(text === tip){\nawait option.click();\n}\n}))\n\nawait driver.sleep(1000);\nawait pageItemCustomization.waitForAddToCartButton();\nawait pageItemCustomization.clicksOnAddToCartButton();\nawait driver.sleep(1200);\nconst addToCartDiv = await pageItemCustomization.getAddToCartDiv();\nconst addToCartHeader = await pageItemCustomization.getAddToCartHeader(addToCartDiv);\nexpect(await addToCartHeader.getText()).to.contain('added to cart');",
              "err": {},
              "uuid": "bf6b16bf-68e0-4c9b-82ad-51fe1b409681",
              "parentUUID": "b38d83b1-0bf2-483d-b69d-92b39187f979",
              "isHook": false,
              "skipped": false
            },
            {
              "title": "Verify that shopping cart page is opened",
              "fullTitle": "Etsy selenium tests Verify that shopping cart page is opened",
              "timedOut": false,
              "duration": 1509,
              "state": "passed",
              "speed": "slow",
              "pass": true,
              "fail": false,
              "pending": false,
              "context": null,
              "code": "await pageItemCustomization.waitForViewCartButton();\nawait pageItemCustomization.clickOnViewCartButton();\nconst cartUrl = await pageCart.getCurrentUrl();\nexpect(await cartUrl).to.contain(\"https://www.etsy.com/cart\");",
              "err": {},
              "uuid": "9f231b88-efa3-4aae-ae75-7dfb927c204a",
              "parentUUID": "b38d83b1-0bf2-483d-b69d-92b39187f979",
              "isHook": false,
              "skipped": false
            },
            {
              "title": "Customazing quantity of an item and proceeding to PayPal",
              "fullTitle": "Etsy selenium tests Customazing quantity of an item and proceeding to PayPal",
              "timedOut": false,
              "duration": 7753,
              "state": "failed",
              "speed": null,
              "pass": false,
              "fail": true,
              "pending": false,
              "context": null,
              "code": "const quantity = \"4\";\n \nawait pageCart.waitForQuantitySelectDiv();\nconst quantitySelectDiv = await pageCart.getQuantitySelectDiv();\nawait pageCart.waitForQuantitySelectButton();\nconst quantitySelect = await pageCart.getQuantitySelect(quantitySelectDiv);\nawait pageCart.waitForQuantityOptions();\nconst quantityOptions = await pageCart.getQuantityOptions(quantitySelect);\nawait Promise.all(quantityOptions.map(async (option) => {\nconst text = await option.getText();\nif(text === quantity){\nawait option.click();\n}\n}))\nconst selectedItem = await quantitySelect.getAttribute(\"value\");\nexpect(await selectedItem).to.eql(quantity);\nawait driver.sleep(1300);\nawait pageCart.waitForPayPalButton();\nawait pageCart.clicksOnPayPalButton();\nconst payPalUrl = await pageBase.getCurrentUrl();\nexpect(await payPalUrl).to.contain(\"https://www.paypal.com\");",
              "err": {
                "message": "NoSuchWindowError: no such window: target window already closed\nfrom unknown error: web view not found\n  (Session info: chrome=111.0.5563.147)",
                "estack": "NoSuchWindowError: no such window: target window already closed\nfrom unknown error: web view not found\n  (Session info: chrome=111.0.5563.147)\n    at Object.throwDecodedError (node_modules\\selenium-webdriver\\lib\\error.js:524:15)\n    at parseHttpResponse (node_modules\\selenium-webdriver\\lib\\http.js:587:13)\n    at Executor.execute (node_modules\\selenium-webdriver\\lib\\http.js:515:28)\n    at processTicksAndRejections (node:internal/process/task_queues:96:5)\n    at async Driver.execute (node_modules\\selenium-webdriver\\lib\\webdriver.js:741:17)\n    at async Driver.findElements (node_modules\\selenium-webdriver\\lib\\webdriver.js:1067:17)",
                "diff": null
              },
              "uuid": "f95d02b8-5480-4122-8405-c52d1738de97",
              "parentUUID": "b38d83b1-0bf2-483d-b69d-92b39187f979",
              "isHook": false,
              "skipped": false
            }
          ],
          "suites": [],
          "passes": [
            "9a09f530-8116-43f2-a831-5b13ff74e968",
            "32bdb1f1-8ac6-4216-9b68-638eb2e18ee4",
            "227ec65f-654c-43ad-98e9-c5e78fc599c8",
            "67f8538d-6661-46c1-b7db-7f08f724390d",
            "aed17043-295c-4238-bede-de059dd83230",
            "426ae855-f450-4b16-b8ac-6fbc946f54a0",
            "5be88c00-e214-4362-a04c-9a6d3f1277a7",
            "bf6b16bf-68e0-4c9b-82ad-51fe1b409681",
            "9f231b88-efa3-4aae-ae75-7dfb927c204a"
          ],
          "failures": [
            "f95d02b8-5480-4122-8405-c52d1738de97"
          ],
          "pending": [],
          "skipped": [],
          "duration": 29363,
          "root": false,
          "rootEmpty": false,
          "_timeout": 60000
        }
      ],
      "passes": [],
      "failures": [],
      "pending": [],
      "skipped": [],
      "duration": 0,
      "root": true,
      "rootEmpty": true,
      "_timeout": 60000
    }
  ],
  "meta": {
    "mocha": {
      "version": "10.2.0"
    },
    "mochawesome": {
      "options": {
        "quiet": false,
        "reportFilename": "mochawesome",
        "saveHtml": true,
        "saveJson": true,
        "consoleReporter": "spec",
        "useInlineDiffs": false,
        "code": true
      },
      "version": "7.1.3"
    },
    "marge": {
      "options": null,
      "version": "6.2.0"
    }
  }
}