{
  "stats": {
    "suites": 1,
    "tests": 10,
    "passes": 10,
    "pending": 0,
    "failures": 0,
    "start": "2023-02-24T19:45:45.526Z",
    "end": "2023-02-24T19:46:09.577Z",
    "duration": 24051,
    "testsRegistered": 10,
    "passPercent": 100,
    "pendingPercent": 0,
    "other": 0,
    "hasOther": false,
    "skipped": 0,
    "hasSkipped": false
  },
  "results": [
    {
      "uuid": "7790e61c-7061-4a2b-b2cc-cc0675a5ae2e",
      "title": "",
      "fullFile": "D:\\QA\\reposOnGitHub\\EtsySeleniumTestsAndAPI\\test\\etsy.test.js",
      "file": "\\test\\etsy.test.js",
      "beforeHooks": [],
      "afterHooks": [],
      "tests": [],
      "suites": [
        {
          "uuid": "8f40c4b3-3d4e-430b-b358-2deb8c4e29e8",
          "title": "Etsy selenium tests",
          "fullFile": "D:\\QA\\reposOnGitHub\\EtsySeleniumTestsAndAPI\\test\\etsy.test.js",
          "file": "\\test\\etsy.test.js",
          "beforeHooks": [
            {
              "title": "\"before all\" hook in \"Etsy selenium tests\"",
              "fullTitle": "Etsy selenium tests \"before all\" hook in \"Etsy selenium tests\"",
              "timedOut": false,
              "duration": 707,
              "state": null,
              "speed": null,
              "pass": false,
              "fail": false,
              "pending": false,
              "context": null,
              "code": "driver = await new Builder().forBrowser(browsers.chrome).build();\nawait driver.manage().window().maximize();\npageRegister = new RegisterPage(driver);\npageBase = new BasePage(driver);\npageHome = new HomePage(driver);\npageSearhcResult = new SearchResultPage(driver);\npageFilters = new FiltersPage(driver); \npageItemCustomization = new ItemCustomizationPage(driver);\npageCart = new CartPage(driver);",
              "err": {},
              "uuid": "eb191cdb-ad51-43e8-8374-e1b6f33171dc",
              "parentUUID": "8f40c4b3-3d4e-430b-b358-2deb8c4e29e8",
              "isHook": true,
              "skipped": false
            }
          ],
          "afterHooks": [
            {
              "title": "\"after all\" hook in \"Etsy selenium tests\"",
              "fullTitle": "Etsy selenium tests \"after all\" hook in \"Etsy selenium tests\"",
              "timedOut": false,
              "duration": 137,
              "state": null,
              "speed": null,
              "pass": false,
              "fail": false,
              "pending": false,
              "context": null,
              "code": "await driver.quit();",
              "err": {},
              "uuid": "88c0a1fa-9f20-4558-96a2-0d6131a8689e",
              "parentUUID": "8f40c4b3-3d4e-430b-b358-2deb8c4e29e8",
              "isHook": true,
              "skipped": false
            }
          ],
          "tests": [
            {
              "title": "Verifies that registration page is opened",
              "fullTitle": "Etsy selenium tests Verifies that registration page is opened",
              "timedOut": false,
              "duration": 2011,
              "state": "passed",
              "speed": "slow",
              "pass": true,
              "fail": false,
              "pending": false,
              "context": null,
              "code": "await pageRegister.goToPage(\"https://www.etsy.com/join\");\nconst registerUrl = await pageRegister.getCurrentUrl();\nexpect(await registerUrl).to.eql(\"https://www.etsy.com/join\");",
              "err": {},
              "uuid": "2c303381-0577-4635-b313-c320a8a58ac2",
              "parentUUID": "8f40c4b3-3d4e-430b-b358-2deb8c4e29e8",
              "isHook": false,
              "skipped": false
            },
            {
              "title": "Fillout register form",
              "fullTitle": "Etsy selenium tests Fillout register form",
              "timedOut": false,
              "duration": 7077,
              "state": "passed",
              "speed": "slow",
              "pass": true,
              "fail": false,
              "pending": false,
              "context": null,
              "code": "await pageRegister.waitForEmailField();\nawait pageRegister.FilloutEmailField();\nawait pageRegister.waitForFirstnameField();\nawait pageRegister.FilloutFirstnameField();\nawait pageRegister.waitForPasswordField();\nawait pageRegister.FilloutPasswordField();\nawait pageRegister.waitForRegisterButton();\nawait pageRegister.clickOnRegisterButton();\nawait pageHome.waitForWelcomeHeader();\nconst welcomeTitle = await pageHome.getWelcomeHeader();\nexpect(await welcomeTitle.getText()).to.contain(\"Welcome to Etsy,\");\nconst homepageUrl = await pageHome.getCurrentUrl();\nexpect(await homepageUrl).to.eql(\"https://www.etsy.com/\");\nawait pageBase.refreshPage();",
              "err": {},
              "uuid": "4423aa03-64da-486f-b0fa-8f69caf72f74",
              "parentUUID": "8f40c4b3-3d4e-430b-b358-2deb8c4e29e8",
              "isHook": false,
              "skipped": false
            },
            {
              "title": "Search for an item in the search bar field",
              "fullTitle": "Etsy selenium tests Search for an item in the search bar field",
              "timedOut": false,
              "duration": 2242,
              "state": "passed",
              "speed": "slow",
              "pass": true,
              "fail": false,
              "pending": false,
              "context": null,
              "code": "await pageHome.waitForSerchBarField();\n\nconst searchField = await pageHome.getSearchBarField();\nawait searchField.sendKeys(\"pen\", Key.ENTER);",
              "err": {},
              "uuid": "c31cad1b-a3db-43d5-aa5e-3ab63f19a103",
              "parentUUID": "8f40c4b3-3d4e-430b-b358-2deb8c4e29e8",
              "isHook": false,
              "skipped": false
            },
            {
              "title": "Verifies that right seach page is opened",
              "fullTitle": "Etsy selenium tests Verifies that right seach page is opened",
              "timedOut": false,
              "duration": 8,
              "state": "passed",
              "speed": "fast",
              "pass": true,
              "fail": false,
              "pending": false,
              "context": null,
              "code": "const searchResultUrl = await pageSearhcResult.getCurrentUrl();\nexpect(await searchResultUrl).to.eql(\"https://www.etsy.com/search?q=pen&ref=search_bar\");",
              "err": {},
              "uuid": "952078b3-1e9f-4c96-a75e-28a12555b0c0",
              "parentUUID": "8f40c4b3-3d4e-430b-b358-2deb8c4e29e8",
              "isHook": false,
              "skipped": false
            },
            {
              "title": "Clicks on filtering button",
              "fullTitle": "Etsy selenium tests Clicks on filtering button",
              "timedOut": false,
              "duration": 122,
              "state": "passed",
              "speed": "slow",
              "pass": true,
              "fail": false,
              "pending": false,
              "context": null,
              "code": "await pageSearhcResult.waitForFilterButton();\nawait pageSearhcResult.ClickOnFilterButton();",
              "err": {},
              "uuid": "c90b4a0d-a72f-40ab-ae10-a2d862a40bd8",
              "parentUUID": "8f40c4b3-3d4e-430b-b358-2deb8c4e29e8",
              "isHook": false,
              "skipped": false
            },
            {
              "title": "Filtering options - FREE shipping, Serbia",
              "fullTitle": "Etsy selenium tests Filtering options - FREE shipping, Serbia",
              "timedOut": false,
              "duration": 258,
              "state": "passed",
              "speed": "slow",
              "pass": true,
              "fail": false,
              "pending": false,
              "context": null,
              "code": "await pageFilters.waitForFreeShippingInput();\nawait pageFilters.ClickOnFreeShippingInput();\n\nawait pageFilters.waitForShopLocationInput();\nawait pageFilters.ClickOnShopLocationInput();\n\nawait pageFilters.waitForApplyButton();\nawait pageFilters.clicksOnApplyButton();\nconst FilterUrlResult = await pageFilters.getCurrentUrl();\nexpect(await FilterUrlResult).to.eql('https://www.etsy.com/search?q=pen&explicit=1&free_shipping=true&locationQuery=6290252&ship_to=RS');",
              "err": {},
              "uuid": "db445158-bbc5-48ae-89cd-c88834c6e455",
              "parentUUID": "8f40c4b3-3d4e-430b-b358-2deb8c4e29e8",
              "isHook": false,
              "skipped": false
            },
            {
              "title": "Clicks on specific pen on the page",
              "fullTitle": "Etsy selenium tests Clicks on specific pen on the page",
              "timedOut": false,
              "duration": 3419,
              "state": "passed",
              "speed": "slow",
              "pass": true,
              "fail": false,
              "pending": false,
              "context": null,
              "code": "await driver.sleep(1200);\nawait pageSearhcResult.waitForSpecificPen();\nawait pageSearhcResult.clicksOnSpecificPen();\n(await driver.getAllWindowHandles()).forEach(tab => driver.switchTo().window(tab));\nconst penTitleDiv = await pageItemCustomization.getPenTitleDiv();\nexpect(await penTitleDiv.getText()).to.contain('NOS Vintage Rotring Variant');",
              "err": {},
              "uuid": "fd6c9ec8-d4b3-47b7-8d50-1699e69457c5",
              "parentUUID": "8f40c4b3-3d4e-430b-b358-2deb8c4e29e8",
              "isHook": false,
              "skipped": false
            },
            {
              "title": "Choosing tip of a pen and adding to cart",
              "fullTitle": "Etsy selenium tests Choosing tip of a pen and adding to cart",
              "timedOut": false,
              "duration": 2511,
              "state": "passed",
              "speed": "slow",
              "pass": true,
              "fail": false,
              "pending": false,
              "context": null,
              "code": "const tip = '1.2 mm';\n \nawait pageItemCustomization.waitForTipSelect();\nconst select = await pageItemCustomization.getTipSelect();\n\nawait pageItemCustomization.waitForOptions();\nconst options = await pageItemCustomization.getOptions(select);\nawait Promise.all(options.map(async(option) => {\nconst text = await option.getText();\nif(text === tip){\nawait option.click();\n}\n}))\n\nawait driver.sleep(1000);\nawait pageItemCustomization.waitForAddToCartButton();\nawait pageItemCustomization.clicksOnAddToCartButton();\nawait driver.sleep(1200);\nconst addToCartDiv = await pageItemCustomization.getAddToCartDiv();\nconst addToCartHeader = await pageItemCustomization.getAddToCartHeader(addToCartDiv);\nexpect(await addToCartHeader.getText()).to.contain('added to cart');",
              "err": {},
              "uuid": "c6e24183-46ad-40c6-b882-7184614f2e6e",
              "parentUUID": "8f40c4b3-3d4e-430b-b358-2deb8c4e29e8",
              "isHook": false,
              "skipped": false
            },
            {
              "title": "Verify that shopping cart page is opened",
              "fullTitle": "Etsy selenium tests Verify that shopping cart page is opened",
              "timedOut": false,
              "duration": 1591,
              "state": "passed",
              "speed": "slow",
              "pass": true,
              "fail": false,
              "pending": false,
              "context": null,
              "code": "await pageItemCustomization.waitForViewCartButton();\nawait pageItemCustomization.clickOnViewCartButton();\nconst cartUrl = await pageCart.getCurrentUrl();\nexpect(await cartUrl).to.contain(\"https://www.etsy.com/cart\");",
              "err": {},
              "uuid": "9b61832e-351f-4379-b51e-13f87106d6e4",
              "parentUUID": "8f40c4b3-3d4e-430b-b358-2deb8c4e29e8",
              "isHook": false,
              "skipped": false
            },
            {
              "title": "Customazing quantity of an item and proceeding to PayPal",
              "fullTitle": "Etsy selenium tests Customazing quantity of an item and proceeding to PayPal",
              "timedOut": false,
              "duration": 3947,
              "state": "passed",
              "speed": "slow",
              "pass": true,
              "fail": false,
              "pending": false,
              "context": null,
              "code": "const quantity = \"4\";\n \nawait pageCart.waitForQuantitySelectDiv();\nconst quantitySelectDiv = await pageCart.getQuantitySelectDiv();\nawait pageCart.waitForQuantitySelectButton();\nconst quantitySelect = await pageCart.getQuantitySelect(quantitySelectDiv);\nawait pageCart.waitForQuantityOptions();\nconst quantityOptions = await pageCart.getQuantityOptions(quantitySelect);\nawait Promise.all(quantityOptions.map(async (option) => {\nconst text = await option.getText();\nif(text === quantity){\nawait option.click();\n}\n}))\nconst selectedItem = await quantitySelect.getAttribute(\"value\");\nexpect(await selectedItem).to.eql(quantity);\nawait driver.sleep(1000);\nawait pageCart.waitForPayPalButton();\nawait pageCart.clicksOnPayPalButton();\nconst payPalUrl = await pageBase.getCurrentUrl();\nexpect(await payPalUrl).to.contain(\"https://www.paypal.com\");",
              "err": {},
              "uuid": "9e520fc3-b287-45a8-bde4-212b0572f2a2",
              "parentUUID": "8f40c4b3-3d4e-430b-b358-2deb8c4e29e8",
              "isHook": false,
              "skipped": false
            }
          ],
          "suites": [],
          "passes": [
            "2c303381-0577-4635-b313-c320a8a58ac2",
            "4423aa03-64da-486f-b0fa-8f69caf72f74",
            "c31cad1b-a3db-43d5-aa5e-3ab63f19a103",
            "952078b3-1e9f-4c96-a75e-28a12555b0c0",
            "c90b4a0d-a72f-40ab-ae10-a2d862a40bd8",
            "db445158-bbc5-48ae-89cd-c88834c6e455",
            "fd6c9ec8-d4b3-47b7-8d50-1699e69457c5",
            "c6e24183-46ad-40c6-b882-7184614f2e6e",
            "9b61832e-351f-4379-b51e-13f87106d6e4",
            "9e520fc3-b287-45a8-bde4-212b0572f2a2"
          ],
          "failures": [],
          "pending": [],
          "skipped": [],
          "duration": 23186,
          "root": false,
          "rootEmpty": false,
          "_timeout": 60000
        }
      ],
      "passes": [],
      "failures": [],
      "pending": [],
      "skipped": [],
      "duration": 0,
      "root": true,
      "rootEmpty": true,
      "_timeout": 60000
    }
  ],
  "meta": {
    "mocha": {
      "version": "10.2.0"
    },
    "mochawesome": {
      "options": {
        "quiet": false,
        "reportFilename": "mochawesome",
        "saveHtml": true,
        "saveJson": true,
        "consoleReporter": "spec",
        "useInlineDiffs": false,
        "code": true
      },
      "version": "7.1.3"
    },
    "marge": {
      "options": null,
      "version": "6.2.0"
    }
  }
}